[2014-12-25 02:50:11] request.ERROR: Uncaught PHP Exception Symfony\Component\HttpKernel\Exception\NotFoundHttpException: "No route found for "GET /b"" at /var/www/html/store.com/pro/app/cache/prod/classes.php line 2406 {"exception":"[object] (Symfony\\Component\\HttpKernel\\Exception\\NotFoundHttpException: No route found for \"GET /b\" at /var/www/html/store.com/pro/app/cache/prod/classes.php:2406, Symfony\\Component\\Routing\\Exception\\ResourceNotFoundException:  at /var/www/html/store.com/pro/app/cache/prod/appProdUrlMatcher.php:68)"} []
[2014-12-27 00:56:04] request.ERROR: Uncaught PHP Exception Symfony\Component\HttpKernel\Exception\NotFoundHttpException: "No route found for "GET /blog/contact"" at /var/www/html/store.com/pro/app/cache/prod/classes.php line 2406 {"exception":"[object] (Symfony\\Component\\HttpKernel\\Exception\\NotFoundHttpException: No route found for \"GET /blog/contact\" at /var/www/html/store.com/pro/app/cache/prod/classes.php:2406, Symfony\\Component\\Routing\\Exception\\ResourceNotFoundException:  at /var/www/html/store.com/pro/app/cache/prod/appProdUrlMatcher.php:68)"} []
[2014-12-27 00:56:06] request.ERROR: Uncaught PHP Exception Symfony\Component\HttpKernel\Exception\NotFoundHttpException: "No route found for "GET /blog/contact"" at /var/www/html/store.com/pro/app/cache/prod/classes.php line 2406 {"exception":"[object] (Symfony\\Component\\HttpKernel\\Exception\\NotFoundHttpException: No route found for \"GET /blog/contact\" at /var/www/html/store.com/pro/app/cache/prod/classes.php:2406, Symfony\\Component\\Routing\\Exception\\ResourceNotFoundException:  at /var/www/html/store.com/pro/app/cache/prod/appProdUrlMatcher.php:68)"} []
[2014-12-27 00:57:01] request.ERROR: Uncaught PHP Exception Symfony\Component\HttpKernel\Exception\NotFoundHttpException: "No route found for "GET /blog/contact"" at /var/www/html/store.com/pro/app/cache/prod/classes.php line 2406 {"exception":"[object] (Symfony\\Component\\HttpKernel\\Exception\\NotFoundHttpException: No route found for \"GET /blog/contact\" at /var/www/html/store.com/pro/app/cache/prod/classes.php:2406, Symfony\\Component\\Routing\\Exception\\ResourceNotFoundException:  at /var/www/html/store.com/pro/app/cache/prod/appProdUrlMatcher.php:68)"} []
[2014-12-27 00:57:26] request.ERROR: Uncaught PHP Exception Symfony\Component\HttpKernel\Exception\NotFoundHttpException: "No route found for "GET /blog/contact"" at /var/www/html/store.com/pro/app/cache/prod/classes.php line 2406 {"exception":"[object] (Symfony\\Component\\HttpKernel\\Exception\\NotFoundHttpException: No route found for \"GET /blog/contact\" at /var/www/html/store.com/pro/app/cache/prod/classes.php:2406, Symfony\\Component\\Routing\\Exception\\ResourceNotFoundException:  at /var/www/html/store.com/pro/app/cache/prod/appProdUrlMatcher.php:68)"} []
[2014-12-27 00:59:38] request.ERROR: Uncaught PHP Exception Symfony\Component\HttpKernel\Exception\NotFoundHttpException: "No route found for "GET /blog/contact"" at /var/www/html/store.com/pro/app/cache/prod/classes.php line 2406 {"exception":"[object] (Symfony\\Component\\HttpKernel\\Exception\\NotFoundHttpException: No route found for \"GET /blog/contact\" at /var/www/html/store.com/pro/app/cache/prod/classes.php:2406, Symfony\\Component\\Routing\\Exception\\ResourceNotFoundException:  at /var/www/html/store.com/pro/app/cache/prod/appProdUrlMatcher.php:68)"} []
[2014-12-27 01:02:30] request.INFO: Matched route "BloggerBlogBundle_contact" (parameters: "_controller": "Blogger\BlogBundle\Controller\PageController::contactAction", "_route": "BloggerBlogBundle_contact") [] []
[2014-12-27 01:02:31] app.ERROR: Exception occurred while flushing email queue: Failed to authenticate on SMTP server with username "olegkakyzmin@gmail.com" using 1 possible authenticators [] []
[2014-12-27 01:03:05] request.INFO: Matched route "BloggerBlogBundle_contact" (parameters: "_controller": "Blogger\BlogBundle\Controller\PageController::contactAction", "_route": "BloggerBlogBundle_contact") [] []
[2014-12-27 01:03:05] app.ERROR: Exception occurred while flushing email queue: Failed to authenticate on SMTP server with username "olegkakyzmin@gmail.com" using 1 possible authenticators [] []
[2014-12-27 02:29:03] request.INFO: Matched route "BloggerBlogBundle_contact" (parameters: "_controller": "Blogger\BlogBundle\Controller\PageController::contactAction", "_route": "BloggerBlogBundle_contact") [] []
[2014-12-27 02:29:06] app.ERROR: Exception occurred while flushing email queue: Failed to authenticate on SMTP server with username "olegkakyzmin@gmail.com" using 1 possible authenticators [] []
[2014-12-27 02:30:56] request.INFO: Matched route "BloggerBlogBundle_contact" (parameters: "_controller": "Blogger\BlogBundle\Controller\PageController::contactAction", "_route": "BloggerBlogBundle_contact") [] []
[2014-12-27 02:30:57] app.ERROR: Exception occurred while flushing email queue: Failed to authenticate on SMTP server with username "olegkakyzmin@gmail.com" using 1 possible authenticators [] []
[2014-12-27 02:32:52] request.INFO: Matched route "BloggerBlogBundle_contact" (parameters: "_controller": "Blogger\BlogBundle\Controller\PageController::contactAction", "_route": "BloggerBlogBundle_contact") [] []
[2014-12-27 02:32:53] app.ERROR: Exception occurred while flushing email queue: Failed to authenticate on SMTP server with username "olegkakyzmin@gmail.com" using 1 possible authenticators [] []
[2014-12-27 02:36:38] request.INFO: Matched route "BloggerBlogBundle_contact" (parameters: "_controller": "Blogger\BlogBundle\Controller\PageController::contactAction", "_route": "BloggerBlogBundle_contact") [] []
[2014-12-27 02:36:40] app.ERROR: Exception occurred while flushing email queue: Failed to authenticate on SMTP server with username "olegkakyzmin@gmail.com" using 1 possible authenticators [] []
[2014-12-27 02:40:00] request.INFO: Matched route "BloggerBlogBundle_contact" (parameters: "_controller": "Blogger\BlogBundle\Controller\PageController::contactAction", "_route": "BloggerBlogBundle_contact") [] []
[2014-12-27 02:40:02] app.ERROR: Exception occurred while flushing email queue: Failed to authenticate on SMTP server with username "olegkakyzmin@gmail.com" using 1 possible authenticators [] []
[2014-12-27 02:41:52] request.INFO: Matched route "BloggerBlogBundle_contact" (parameters: "_controller": "Blogger\BlogBundle\Controller\PageController::contactAction", "_route": "BloggerBlogBundle_contact") [] []
[2014-12-27 02:41:53] app.ERROR: Exception occurred while flushing email queue: Failed to authenticate on SMTP server with username "olegkakyzmin@gmail.com" using 1 possible authenticators [] []
[2014-12-27 02:43:27] request.INFO: Matched route "BloggerBlogBundle_contact" (parameters: "_controller": "Blogger\BlogBundle\Controller\PageController::contactAction", "_route": "BloggerBlogBundle_contact") [] []
[2014-12-27 02:43:28] app.ERROR: Exception occurred while flushing email queue: Failed to authenticate on SMTP server with username "olegkakyzmin@gmail.com" using 1 possible authenticators [] []
[2014-12-27 03:48:36] request.INFO: Matched route "BloggerBlogBundle_contact" (parameters: "_controller": "Blogger\BlogBundle\Controller\PageController::contactAction", "_route": "BloggerBlogBundle_contact") [] []
[2014-12-27 03:48:36] request.CRITICAL: Uncaught PHP Exception Symfony\Component\DependencyInjection\Exception\InvalidArgumentException: "The parameter "blogger_blog.emails.contact_email" must be defined." at /var/www/html/store.com/pro/app/cache/prod/appProdProjectContainer.php line 1774 {"exception":"[object] (Symfony\\Component\\DependencyInjection\\Exception\\InvalidArgumentException: The parameter \"blogger_blog.emails.contact_email\" must be defined. at /var/www/html/store.com/pro/app/cache/prod/appProdProjectContainer.php:1774)"} []
[2014-12-27 03:49:41] request.INFO: Matched route "BloggerBlogBundle_contact" (parameters: "_controller": "Blogger\BlogBundle\Controller\PageController::contactAction", "_route": "BloggerBlogBundle_contact") [] []
[2014-12-27 03:49:42] app.ERROR: Exception occurred while flushing email queue: Connection could not be established with host smtp.gmail.com [ #0] [] []
[2014-12-27 03:50:39] request.INFO: Matched route "BloggerBlogBundle_contact" (parameters: "_controller": "Blogger\BlogBundle\Controller\PageController::contactAction", "_route": "BloggerBlogBundle_contact") [] []
[2014-12-27 03:50:41] app.ERROR: Exception occurred while flushing email queue: Connection could not be established with host smtp.gmail.com [ #0] [] []
[2014-12-27 04:00:07] request.INFO: Matched route "BloggerBlogBundle_contact" (parameters: "_controller": "Blogger\BlogBundle\Controller\PageController::contactAction", "_route": "BloggerBlogBundle_contact") [] []
[2014-12-27 04:00:08] app.ERROR: Exception occurred while flushing email queue: Connection could not be established with host smtp.gmail.com [ #0] [] []
[2014-12-27 23:42:26] request.INFO: Matched route "BloggerBlogBundle_blog_show" (parameters: "_controller": "Blogger\BlogBundle\Controller\BlogController::showAction", "id": "1", "_route": "BloggerBlogBundle_blog_show") [] []
[2014-12-27 23:42:26] request.ERROR: Uncaught PHP Exception Symfony\Component\HttpKernel\Exception\NotFoundHttpException: "Не удается найти сообщение блога." at /var/www/html/store.com/pro/vendor/symfony/symfony/src/Symfony/Bundle/FrameworkBundle/Controller/Controller.php line 217 {"exception":"[object] (Symfony\\Component\\HttpKernel\\Exception\\NotFoundHttpException: Не удается найти сообщение блога. at /var/www/html/store.com/pro/vendor/symfony/symfony/src/Symfony/Bundle/FrameworkBundle/Controller/Controller.php:217)"} []
[2014-12-27 23:52:04] request.ERROR: Uncaught PHP Exception Symfony\Component\HttpKernel\Exception\NotFoundHttpException: "No route found for "GET /1"" at /var/www/html/store.com/pro/vendor/symfony/symfony/src/Symfony/Component/HttpKernel/EventListener/RouterListener.php line 145 {"exception":"[object] (Symfony\\Component\\HttpKernel\\Exception\\NotFoundHttpException: No route found for \"GET /1\" at /var/www/html/store.com/pro/vendor/symfony/symfony/src/Symfony/Component/HttpKernel/EventListener/RouterListener.php:145, Symfony\\Component\\Routing\\Exception\\ResourceNotFoundException:  at /var/www/html/store.com/pro/app/cache/prod/appProdUrlMatcher.php:90)"} []
